[('Active positive cases', '12/20/2021 - 1/2/2021'), ('Campus staff', 157), ('Non-campus staff', 'N/A'), ('Students', 80)]
{
    "Adams Hill ES": {
        "Cases": 0,
        "Enrollment": 465
    },
    "Allen ES": {
        "Cases": 0,
        "Enrollment": 472
    },
    "Alternative HS": {
        "Cases": 0,
        "Enrollment": 139
    },
    "Alternative MS": {
        "Cases": 0,
        "Enrollment": 79
    },
    "Aue ES": {
        "Cases": 4,
        "Enrollment": 620
    },
    "Beard ES": {
        "Cases": 1,
        "Enrollment": 650
    },
    "Behlau ES": {
        "Cases": 5,
        "Enrollment": 623
    },
    "Bernal MS": {
        "Cases": 0,
        "Enrollment": 1360
    },
    "Blattman ES": {
        "Cases": 0,
        "Enrollment": 517
    },
    "Boldt ES": {
        "Cases": 0,
        "Enrollment": 768
    },
    "Boone ES": {
        "Cases": 0,
        "Enrollment": 498
    },
    "Brandeis HS": {
        "Cases": 0,
        "Enrollment": 2831
    },
    "Brauchle ES": {
        "Cases": 2,
        "Enrollment": 463
    },
    "Braun Station ES": {
        "Cases": 3,
        "Enrollment": 429
    },
    "Brennan HS": {
        "Cases": 11,
        "Enrollment": 3027
    },
    "Briscoe MS": {
        "Cases": 0,
        "Enrollment": 1339
    },
    "Burke ES": {
        "Cases": 1,
        "Enrollment": 544
    },
    "Cable ES": {
        "Cases": 1,
        "Enrollment": 461
    },
    "Carlos Coon ES": {
        "Cases": 2,
        "Enrollment": 571
    },
    "Carnahan ES": {
        "Cases": 3,
        "Enrollment": 458
    },
    "Carson ES": {
        "Cases": 8,
        "Enrollment": 523
    },
    "Chavez Excel Academy": {
        "Cases": 0,
        "Enrollment": 42
    },
    "Clark HS": {
        "Cases": 0,
        "Enrollment": 2829
    },
    "Cody ES": {
        "Cases": 0,
        "Enrollment": 518
    },
    "Cole ES": {
        "Cases": 3,
        "Enrollment": 1175
    },
    "Colonies North ES": {
        "Cases": 0,
        "Enrollment": 543
    },
    "Connally MS": {
        "Cases": 4,
        "Enrollment": 792
    },
    "Driggers ES": {
        "Cases": 2,
        "Enrollment": 463
    },
    "Ellison ES": {
        "Cases": 0,
        "Enrollment": 711
    },
    "Elrod ES": {
        "Cases": 2,
        "Enrollment": 356
    },
    "Esparza ES": {
        "Cases": 1,
        "Enrollment": 457
    },
    "Evers ES": {
        "Cases": 0,
        "Enrollment": 611
    },
    "Fernandez ES": {
        "Cases": 2,
        "Enrollment": 519
    },
    "Fields ES": {
        "Cases": 1,
        "Enrollment": 830
    },
    "Fisher ES": {
        "Cases": 3,
        "Enrollment": 618
    },
    "Folks MS": {
        "Cases": 6,
        "Enrollment": 1327
    },
    "Forester ES": {
        "Cases": 0,
        "Enrollment": 736
    },
    "Franklin ES": {
        "Cases": 9,
        "Enrollment": 803
    },
    "Galm ES": {
        "Cases": 1,
        "Enrollment": 435
    },
    "Garcia MS": {
        "Cases": 2,
        "Enrollment": 1493
    },
    "Glass ES": {
        "Cases": 2,
        "Enrollment": 436
    },
    "Glenn ES": {
        "Cases": 6,
        "Enrollment": 466
    },
    "Glenoaks ES": {
        "Cases": 2,
        "Enrollment": 553
    },
    "Harlan HS": {
        "Cases": 0,
        "Enrollment": 3592
    },
    "Hatchett ES": {
        "Cases": 2,
        "Enrollment": 607
    },
    "Health Careers HS": {
        "Cases": 6,
        "Enrollment": 894
    },
    "Helotes ES": {
        "Cases": 0,
        "Enrollment": 354
    },
    "Henderson ES": {
        "Cases": 0,
        "Enrollment": 842
    },
    "Hobby MS": {
        "Cases": 0,
        "Enrollment": 850
    },
    "Hoffmann ES": {
        "Cases": 5,
        "Enrollment": 843
    },
    "Holmes HS": {
        "Cases": 1,
        "Enrollment": 2547
    },
    "Holmgreen Center": {
        "Cases": 0,
        "Enrollment": 28
    },
    "Howsman ES": {
        "Cases": 0,
        "Enrollment": 705
    },
    "Hull ES": {
        "Cases": 2,
        "Enrollment": 440
    },
    "Jay HS": {
        "Cases": 7,
        "Enrollment": 2380
    },
    "Jefferson MS": {
        "Cases": 5,
        "Enrollment": 1266
    },
    "Jones MS": {
        "Cases": 0,
        "Enrollment": 1083
    },
    "Jordan MS": {
        "Cases": 3,
        "Enrollment": 1088
    },
    "Kallison ES": {
        "Cases": 1,
        "Enrollment": 1107
    },
    "Knowlton ES": {
        "Cases": 1,
        "Enrollment": 641
    },
    "Krueger ES": {
        "Cases": 3,
        "Enrollment": 583
    },
    "Kuentz ES": {
        "Cases": 7,
        "Enrollment": 555
    },
    "Langley ES": {
        "Cases": 0,
        "Enrollment": 638
    },
    "Leon Springs ES": {
        "Cases": 1,
        "Enrollment": 469
    },
    "Leon Valley ES": {
        "Cases": 1,
        "Enrollment": 536
    },
    "Lewis ES": {
        "Cases": 1,
        "Enrollment": 514
    },
    "Lieck ES": {
        "Cases": 0,
        "Enrollment": 641
    },
    "Linton ES": {
        "Cases": 4,
        "Enrollment": 472
    },
    "Locke Hill ES": {
        "Cases": 3,
        "Enrollment": 501
    },
    "Los Reyes ES": {
        "Cases": 3,
        "Enrollment": 567
    },
    "Luna MS": {
        "Cases": 1,
        "Enrollment": 1242
    },
    "Marshall HS": {
        "Cases": 0,
        "Enrollment": 2601
    },
    "Martin ES": {
        "Cases": 3,
        "Enrollment": 519
    },
    "May ES": {
        "Cases": 0,
        "Enrollment": 427
    },
    "McAndrew ES": {
        "Cases": 2,
        "Enrollment": 432
    },
    "McDermott ES": {
        "Cases": 0,
        "Enrollment": 701
    },
    "Mead ES": {
        "Cases": 0,
        "Enrollment": 681
    },
    "Meadow Village ES": {
        "Cases": 0,
        "Enrollment": 424
    },
    "Michael ES": {
        "Cases": 2,
        "Enrollment": 576
    },
    "Mireles ES": {
        "Cases": 0,
        "Enrollment": 954
    },
    "Mora ES": {
        "Cases": 2,
        "Enrollment": 605
    },
    "Murnin ES": {
        "Cases": 3,
        "Enrollment": 762
    },
    "Myers ES": {
        "Cases": 5,
        "Enrollment": 513
    },
    "Neff MS": {
        "Cases": 0,
        "Enrollment": 942
    },
    "Nichols ES": {
        "Cases": 2,
        "Enrollment": 412
    },
    "Northwest Crossing ES": {
        "Cases": 6,
        "Enrollment": 427
    },
    "O'Connor HS": {
        "Cases": 0,
        "Enrollment": 3032
    },
    "Oak Hills Terrace ES": {
        "Cases": 0,
        "Enrollment": 471
    },
    "Ott ES": {
        "Cases": 0,
        "Enrollment": 569
    },
    "Passmore ES": {
        "Cases": 2,
        "Enrollment": 403
    },
    "Pease MS": {
        "Cases": 1,
        "Enrollment": 864
    },
    "Powell ES": {
        "Cases": 2,
        "Enrollment": 413
    },
    "Raba ES": {
        "Cases": 1,
        "Enrollment": 611
    },
    "Rawlinson MS": {
        "Cases": 4,
        "Enrollment": 1258
    },
    "Rayburn MS": {
        "Cases": 3,
        "Enrollment": 817
    },
    "Reddix Center": {
        "Cases": 2,
        "Enrollment": 275
    },
    "Rhodes ES": {
        "Cases": 0,
        "Enrollment": 508
    },
    "Ross MS": {
        "Cases": 4,
        "Enrollment": 1033
    },
    "Rudder MS": {
        "Cases": 2,
        "Enrollment": 953
    },
    "Scarborough ES": {
        "Cases": 4,
        "Enrollment": 816
    },
    "Scobee ES": {
        "Cases": 0,
        "Enrollment": 522
    },
    "Steubing ES": {
        "Cases": 2,
        "Enrollment": 473
    },
    "Stevens HS": {
        "Cases": 7,
        "Enrollment": 2742
    },
    "Stevenson MS": {
        "Cases": 3,
        "Enrollment": 1105
    },
    "Stinson MS": {
        "Cases": 0,
        "Enrollment": 1093
    },
    "Straus MS": {
        "Cases": 2,
        "Enrollment": 987
    },
    "Taft HS": {
        "Cases": 0,
        "Enrollment": 2642
    },
    "Thornton ES": {
        "Cases": 8,
        "Enrollment": 560
    },
    "Timberwilde ES": {
        "Cases": 5,
        "Enrollment": 550
    },
    "Tomlinson ES": {
        "Cases": 1,
        "Enrollment": 596
    },
    "Vale MS": {
        "Cases": 0,
        "Enrollment": 1121
    },
    "Valley Hi ES": {
        "Cases": 2,
        "Enrollment": 313
    },
    "Villarreal ES": {
        "Cases": 1,
        "Enrollment": 627
    },
    "Wanke ES": {
        "Cases": 2,
        "Enrollment": 676
    },
    "Ward ES": {
        "Cases": 1,
        "Enrollment": 761
    },
    "Warren HS": {
        "Cases": 0,
        "Enrollment": 2782
    },
    "Wernli ES": {
        "Cases": 2,
        "Enrollment": 671
    },
    "Westwood Terrace ES": {
        "Cases": 0,
        "Enrollment": 433
    },
    "Zachry MS": {
        "Cases": 0,
        "Enrollment": 954
    }
}
